<?xml version="1.0" encoding="UTF-8"?>
<testsuite name="Resultados de Busqueda" tests="2" skipped="0" failures="1" errors="0" timestamp="2024-05-25T19:48:01" hostname="SARAY" time="66.44">
  <properties/>
  <testcase name="Mostrar Busqueda satisfactoriamente" classname="Resultados de Busqueda" time="54.05"/>
  <testcase name="No existen resultados disponibles" classname="Resultados de Busqueda" time="12.389">
    <failure message="java.lang.AssertionError: &#10;Expected: (null or an empty string)&#10;     but: was &quot;Recomendado:&quot;" type="java.lang.AssertionError">java.lang.AssertionError: 
Expected: (null or an empty string)
     but: was &quot;Recomendado:&quot;
	at net.serenitybdd.screenplay.ErrorTally.throwSummaryExceptionFrom(ErrorTally.java:38)
	at net.serenitybdd.screenplay.ErrorTally.reportAnyErrors(ErrorTally.java:32)
	at net.serenitybdd.screenplay.Actor.should(Actor.java:397)
	at co.com.udea.certificacion.autenticacion.stepdefinitions.HU1_3ResultadosBusquedaStepDefinition.NoResultsFound(HU1_3ResultadosBusquedaStepDefinition.java:84)
	at ✽.no se encontraron resultados(file:///C:/Users/saray/Downloads/Calidad/Calidad/Automatizacion/src/test/resources/features/HU1.3_resultado_de_busq.feature:11)
</failure>
  </testcase>
  <system-out><![CDATA[]]></system-out>
  <system-err><![CDATA[may. 25, 2024 2:48:18 P. M. org.openqa.selenium.devtools.CdpVersionFinder findNearestMatch
ADVERTENCIA: Unable to find CDP implementation matching 125
may. 25, 2024 2:48:18 P. M. org.openqa.selenium.chromium.ChromiumDriver lambda$new$5
ADVERTENCIA: Unable to find version of CDP to use for 125.0.6422.113. You may need to include a dependency on a specific version of the CDP using something similar to `org.seleniumhq.selenium:selenium-devtools-v86:4.16.1` where the version ("v86") matches the version of the chromium-based browser you're using and the version number of the artifact is the same as Selenium's.
]]></system-err>
</testsuite>
